2024-07-13T04:45:55.765+05:30  WARN 17932 --- [HikariPool-1 housekeeper] com.zaxxer.hikari.pool.HikariPool        : HikariPool-1 - Thread starvation or clock leap detected (housekeeper delta=3h1m56s598ms690µs100ns).
2024-07-13T08:02:22.447+05:30  WARN 17932 --- [HikariPool-1 housekeeper] com.zaxxer.hikari.pool.HikariPool        : HikariPool-1 - Thread starvation or clock leap detected (housekeeper delta=3h1m56s451ms975µs100ns).
2024-07-13T09:38:29.370+05:30  WARN 17932 --- [HikariPool-1 housekeeper] com.zaxxer.hikari.pool.HikariPool        : HikariPool-1 - Thread starvation or clock leap detected (housekeeper delta=1h21m6s735ms894µs600ns).
2024-07-13T09:55:01.899+05:30  INFO 17932 --- [RMI TCP Connection(417)-127.0.0.1] inMXBeanRegistrar$SpringApplicationAdmin : Application shutdown requested.
2024-07-13T09:55:01.945+05:30  INFO 17932 --- [RMI TCP Connection(417)-127.0.0.1] j.LocalContainerEntityManagerFactoryBean : Closing JPA EntityManagerFactory for persistence unit 'default'
2024-07-13T09:55:01.952+05:30  INFO 17932 --- [RMI TCP Connection(417)-127.0.0.1] com.zaxxer.hikari.HikariDataSource       : HikariPool-1 - Shutdown initiated...
2024-07-13T09:55:01.958+05:30  INFO 17932 --- [RMI TCP Connection(417)-127.0.0.1] com.zaxxer.hikari.HikariDataSource       : HikariPool-1 - Shutdown completed.
2024-07-13T09:55:07.037+05:30  INFO 15820 --- [restartedMain] c.chatServices.ChatServicesApplication   : Starting ChatServicesApplication using Java 17.0.4.1 with PID 15820 (C:\Users\vsakiri\git\repository\ChatServices\target\classes started by vsakiri in C:\Users\vsakiri\git\repository\ChatServices)
2024-07-13T09:55:07.042+05:30  INFO 15820 --- [restartedMain] c.chatServices.ChatServicesApplication   : No active profile set, falling back to 1 default profile: "default"
2024-07-13T09:55:07.147+05:30  INFO 15820 --- [restartedMain] .e.DevToolsPropertyDefaultsPostProcessor : Devtools property defaults active! Set 'spring.devtools.add-properties' to 'false' to disable
2024-07-13T09:55:07.147+05:30  INFO 15820 --- [restartedMain] .e.DevToolsPropertyDefaultsPostProcessor : For additional web related logging consider setting the 'logging.level.web' property to 'DEBUG'
2024-07-13T09:55:08.517+05:30  INFO 15820 --- [restartedMain] .s.d.r.c.RepositoryConfigurationDelegate : Bootstrapping Spring Data JPA repositories in DEFAULT mode.
2024-07-13T09:55:08.683+05:30  INFO 15820 --- [restartedMain] .s.d.r.c.RepositoryConfigurationDelegate : Finished Spring Data repository scanning in 155 ms. Found 11 JPA repository interfaces.
2024-07-13T09:55:09.913+05:30  INFO 15820 --- [restartedMain] o.s.b.w.embedded.tomcat.TomcatWebServer  : Tomcat initialized with port 8080 (http)
2024-07-13T09:55:09.932+05:30  INFO 15820 --- [restartedMain] o.apache.catalina.core.StandardService   : Starting service [Tomcat]
2024-07-13T09:55:09.934+05:30  INFO 15820 --- [restartedMain] o.apache.catalina.core.StandardEngine    : Starting Servlet engine: [Apache Tomcat/10.1.19]
2024-07-13T09:55:10.095+05:30  INFO 15820 --- [restartedMain] o.a.c.c.C.[Tomcat].[localhost].[/]       : Initializing Spring embedded WebApplicationContext
2024-07-13T09:55:10.096+05:30  INFO 15820 --- [restartedMain] w.s.c.ServletWebServerApplicationContext : Root WebApplicationContext: initialization completed in 2944 ms
2024-07-13T09:55:10.400+05:30  INFO 15820 --- [restartedMain] o.hibernate.jpa.internal.util.LogHelper  : HHH000204: Processing PersistenceUnitInfo [name: default]
2024-07-13T09:55:10.552+05:30  INFO 15820 --- [restartedMain] org.hibernate.Version                    : HHH000412: Hibernate ORM core version 6.4.4.Final
2024-07-13T09:55:10.652+05:30  INFO 15820 --- [restartedMain] o.h.c.internal.RegionFactoryInitiator    : HHH000026: Second-level cache disabled
2024-07-13T09:55:11.159+05:30  INFO 15820 --- [restartedMain] o.s.o.j.p.SpringPersistenceUnitInfo      : No LoadTimeWeaver setup: ignoring JPA class transformer
2024-07-13T09:55:11.218+05:30  INFO 15820 --- [restartedMain] com.zaxxer.hikari.HikariDataSource       : HikariPool-1 - Starting...
2024-07-13T09:55:11.728+05:30  INFO 15820 --- [restartedMain] com.zaxxer.hikari.pool.HikariPool        : HikariPool-1 - Added connection com.mysql.cj.jdbc.ConnectionImpl@56b93a69
2024-07-13T09:55:11.734+05:30  INFO 15820 --- [restartedMain] com.zaxxer.hikari.HikariDataSource       : HikariPool-1 - Start completed.
2024-07-13T09:55:13.484+05:30  INFO 15820 --- [restartedMain] o.h.m.i.EntityInstantiatorPojoStandard   : HHH000182: No default (no-argument) constructor for class: com.chatServices.entity.Chat (class must be instantiated by Interceptor)
2024-07-13T09:55:13.862+05:30  INFO 15820 --- [restartedMain] o.h.e.t.j.p.i.JtaPlatformInitiator       : HHH000489: No JTA platform available (set 'hibernate.transaction.jta.platform' to enable JTA platform integration)
2024-07-13T09:55:13.964+05:30  INFO 15820 --- [restartedMain] j.LocalContainerEntityManagerFactoryBean : Initialized JPA EntityManagerFactory for persistence unit 'default'
2024-07-13T09:55:14.403+05:30  INFO 15820 --- [restartedMain] o.s.d.j.r.query.QueryEnhancerFactory     : Hibernate is in classpath; If applicable, HQL parser will be used.
2024-07-13T09:55:15.239+05:30  WARN 15820 --- [restartedMain] JpaBaseConfiguration$JpaWebConfiguration : spring.jpa.open-in-view is enabled by default. Therefore, database queries may be performed during view rendering. Explicitly configure spring.jpa.open-in-view to disable this warning
2024-07-13T09:55:15.697+05:30  INFO 15820 --- [restartedMain] o.s.b.d.a.OptionalLiveReloadServer       : LiveReload server is running on port 35729
2024-07-13T09:55:15.753+05:30  INFO 15820 --- [restartedMain] o.s.b.w.embedded.tomcat.TomcatWebServer  : Tomcat started on port 8080 (http) with context path ''
2024-07-13T09:55:15.764+05:30  INFO 15820 --- [restartedMain] c.chatServices.ChatServicesApplication   : Started ChatServicesApplication in 9.747 seconds (process running for 11.146)
2024-07-13T09:55:31.026+05:30  INFO 15820 --- [http-nio-8080-exec-1] o.a.c.c.C.[Tomcat].[localhost].[/]       : Initializing Spring DispatcherServlet 'dispatcherServlet'
2024-07-13T09:55:31.026+05:30  INFO 15820 --- [http-nio-8080-exec-1] o.s.web.servlet.DispatcherServlet        : Initializing Servlet 'dispatcherServlet'
2024-07-13T09:55:31.033+05:30  INFO 15820 --- [http-nio-8080-exec-1] o.s.web.servlet.DispatcherServlet        : Completed initialization in 5 ms
2024-07-13T12:03:37.251+05:30  WARN 15820 --- [HikariPool-1 housekeeper] com.zaxxer.hikari.pool.HikariPool        : HikariPool-1 - Thread starvation or clock leap detected (housekeeper delta=1h42m25s98ms574µs800ns).
2024-07-13T12:16:08.432+05:30  INFO 15820 --- [RMI TCP Connection(41)-127.0.0.1] inMXBeanRegistrar$SpringApplicationAdmin : Application shutdown requested.
2024-07-13T12:16:08.465+05:30  INFO 15820 --- [RMI TCP Connection(41)-127.0.0.1] j.LocalContainerEntityManagerFactoryBean : Closing JPA EntityManagerFactory for persistence unit 'default'
2024-07-13T12:16:08.469+05:30  INFO 15820 --- [RMI TCP Connection(41)-127.0.0.1] com.zaxxer.hikari.HikariDataSource       : HikariPool-1 - Shutdown initiated...
2024-07-13T12:16:08.475+05:30  INFO 15820 --- [RMI TCP Connection(41)-127.0.0.1] com.zaxxer.hikari.HikariDataSource       : HikariPool-1 - Shutdown completed.
2024-07-13T12:16:12.050+05:30  INFO 3080 --- [restartedMain] c.chatServices.ChatServicesApplication   : Starting ChatServicesApplication using Java 17.0.4.1 with PID 3080 (C:\Users\vsakiri\git\repository\ChatServices\target\classes started by vsakiri in C:\Users\vsakiri\git\repository\ChatServices)
2024-07-13T12:16:12.053+05:30  INFO 3080 --- [restartedMain] c.chatServices.ChatServicesApplication   : No active profile set, falling back to 1 default profile: "default"
2024-07-13T12:16:12.121+05:30  INFO 3080 --- [restartedMain] .e.DevToolsPropertyDefaultsPostProcessor : Devtools property defaults active! Set 'spring.devtools.add-properties' to 'false' to disable
2024-07-13T12:16:12.121+05:30  INFO 3080 --- [restartedMain] .e.DevToolsPropertyDefaultsPostProcessor : For additional web related logging consider setting the 'logging.level.web' property to 'DEBUG'
2024-07-13T12:16:13.037+05:30  INFO 3080 --- [restartedMain] .s.d.r.c.RepositoryConfigurationDelegate : Bootstrapping Spring Data JPA repositories in DEFAULT mode.
2024-07-13T12:16:13.167+05:30  INFO 3080 --- [restartedMain] .s.d.r.c.RepositoryConfigurationDelegate : Finished Spring Data repository scanning in 118 ms. Found 11 JPA repository interfaces.
2024-07-13T12:16:13.849+05:30  INFO 3080 --- [restartedMain] o.s.b.w.embedded.tomcat.TomcatWebServer  : Tomcat initialized with port 8080 (http)
2024-07-13T12:16:13.863+05:30  INFO 3080 --- [restartedMain] o.apache.catalina.core.StandardService   : Starting service [Tomcat]
2024-07-13T12:16:13.864+05:30  INFO 3080 --- [restartedMain] o.apache.catalina.core.StandardEngine    : Starting Servlet engine: [Apache Tomcat/10.1.19]
2024-07-13T12:16:13.945+05:30  INFO 3080 --- [restartedMain] o.a.c.c.C.[Tomcat].[localhost].[/]       : Initializing Spring embedded WebApplicationContext
2024-07-13T12:16:13.945+05:30  INFO 3080 --- [restartedMain] w.s.c.ServletWebServerApplicationContext : Root WebApplicationContext: initialization completed in 1823 ms
2024-07-13T12:16:14.163+05:30  INFO 3080 --- [restartedMain] o.hibernate.jpa.internal.util.LogHelper  : HHH000204: Processing PersistenceUnitInfo [name: default]
2024-07-13T12:16:14.236+05:30  INFO 3080 --- [restartedMain] org.hibernate.Version                    : HHH000412: Hibernate ORM core version 6.4.4.Final
2024-07-13T12:16:14.287+05:30  INFO 3080 --- [restartedMain] o.h.c.internal.RegionFactoryInitiator    : HHH000026: Second-level cache disabled
2024-07-13T12:16:14.581+05:30  INFO 3080 --- [restartedMain] o.s.o.j.p.SpringPersistenceUnitInfo      : No LoadTimeWeaver setup: ignoring JPA class transformer
2024-07-13T12:16:14.617+05:30  INFO 3080 --- [restartedMain] com.zaxxer.hikari.HikariDataSource       : HikariPool-1 - Starting...
2024-07-13T12:16:15.002+05:30  INFO 3080 --- [restartedMain] com.zaxxer.hikari.pool.HikariPool        : HikariPool-1 - Added connection com.mysql.cj.jdbc.ConnectionImpl@73a8238d
2024-07-13T12:16:15.005+05:30  INFO 3080 --- [restartedMain] com.zaxxer.hikari.HikariDataSource       : HikariPool-1 - Start completed.
2024-07-13T12:16:16.160+05:30  INFO 3080 --- [restartedMain] o.h.m.i.EntityInstantiatorPojoStandard   : HHH000182: No default (no-argument) constructor for class: com.chatServices.entity.Chat (class must be instantiated by Interceptor)
2024-07-13T12:16:16.408+05:30  INFO 3080 --- [restartedMain] o.h.e.t.j.p.i.JtaPlatformInitiator       : HHH000489: No JTA platform available (set 'hibernate.transaction.jta.platform' to enable JTA platform integration)
2024-07-13T12:16:16.516+05:30  INFO 3080 --- [restartedMain] j.LocalContainerEntityManagerFactoryBean : Initialized JPA EntityManagerFactory for persistence unit 'default'
2024-07-13T12:16:16.906+05:30  INFO 3080 --- [restartedMain] o.s.d.j.r.query.QueryEnhancerFactory     : Hibernate is in classpath; If applicable, HQL parser will be used.
2024-07-13T12:16:17.663+05:30  WARN 3080 --- [restartedMain] JpaBaseConfiguration$JpaWebConfiguration : spring.jpa.open-in-view is enabled by default. Therefore, database queries may be performed during view rendering. Explicitly configure spring.jpa.open-in-view to disable this warning
2024-07-13T12:16:18.122+05:30  INFO 3080 --- [restartedMain] o.s.b.d.a.OptionalLiveReloadServer       : LiveReload server is running on port 35729
2024-07-13T12:16:18.178+05:30  INFO 3080 --- [restartedMain] o.s.b.w.embedded.tomcat.TomcatWebServer  : Tomcat started on port 8080 (http) with context path ''
2024-07-13T12:16:18.193+05:30  INFO 3080 --- [restartedMain] c.chatServices.ChatServicesApplication   : Started ChatServicesApplication in 6.695 seconds (process running for 7.631)
2024-07-13T12:16:24.868+05:30  INFO 3080 --- [http-nio-8080-exec-1] o.a.c.c.C.[Tomcat].[localhost].[/]       : Initializing Spring DispatcherServlet 'dispatcherServlet'
2024-07-13T12:16:24.868+05:30  INFO 3080 --- [http-nio-8080-exec-1] o.s.web.servlet.DispatcherServlet        : Initializing Servlet 'dispatcherServlet'
2024-07-13T12:16:24.870+05:30  INFO 3080 --- [http-nio-8080-exec-1] o.s.web.servlet.DispatcherServlet        : Completed initialization in 1 ms
2024-07-13T12:18:09.269+05:30  INFO 3080 --- [RMI TCP Connection(6)-127.0.0.1] inMXBeanRegistrar$SpringApplicationAdmin : Application shutdown requested.
2024-07-13T12:18:09.303+05:30  INFO 3080 --- [RMI TCP Connection(6)-127.0.0.1] j.LocalContainerEntityManagerFactoryBean : Closing JPA EntityManagerFactory for persistence unit 'default'
2024-07-13T12:18:09.311+05:30  INFO 3080 --- [RMI TCP Connection(6)-127.0.0.1] com.zaxxer.hikari.HikariDataSource       : HikariPool-1 - Shutdown initiated...
2024-07-13T12:18:09.327+05:30  INFO 3080 --- [RMI TCP Connection(6)-127.0.0.1] com.zaxxer.hikari.HikariDataSource       : HikariPool-1 - Shutdown completed.
2024-07-13T12:18:12.419+05:30  INFO 2876 --- [restartedMain] c.chatServices.ChatServicesApplication   : Starting ChatServicesApplication using Java 17.0.4.1 with PID 2876 (C:\Users\vsakiri\git\repository\ChatServices\target\classes started by vsakiri in C:\Users\vsakiri\git\repository\ChatServices)
2024-07-13T12:18:12.423+05:30  INFO 2876 --- [restartedMain] c.chatServices.ChatServicesApplication   : No active profile set, falling back to 1 default profile: "default"
2024-07-13T12:18:12.502+05:30  INFO 2876 --- [restartedMain] .e.DevToolsPropertyDefaultsPostProcessor : Devtools property defaults active! Set 'spring.devtools.add-properties' to 'false' to disable
2024-07-13T12:18:12.503+05:30  INFO 2876 --- [restartedMain] .e.DevToolsPropertyDefaultsPostProcessor : For additional web related logging consider setting the 'logging.level.web' property to 'DEBUG'
2024-07-13T12:18:13.374+05:30  INFO 2876 --- [restartedMain] .s.d.r.c.RepositoryConfigurationDelegate : Bootstrapping Spring Data JPA repositories in DEFAULT mode.
2024-07-13T12:18:13.503+05:30  INFO 2876 --- [restartedMain] .s.d.r.c.RepositoryConfigurationDelegate : Finished Spring Data repository scanning in 120 ms. Found 11 JPA repository interfaces.
2024-07-13T12:18:14.148+05:30  INFO 2876 --- [restartedMain] o.s.b.w.embedded.tomcat.TomcatWebServer  : Tomcat initialized with port 8080 (http)
2024-07-13T12:18:14.164+05:30  INFO 2876 --- [restartedMain] o.apache.catalina.core.StandardService   : Starting service [Tomcat]
2024-07-13T12:18:14.165+05:30  INFO 2876 --- [restartedMain] o.apache.catalina.core.StandardEngine    : Starting Servlet engine: [Apache Tomcat/10.1.19]
2024-07-13T12:18:14.245+05:30  INFO 2876 --- [restartedMain] o.a.c.c.C.[Tomcat].[localhost].[/]       : Initializing Spring embedded WebApplicationContext
2024-07-13T12:18:14.245+05:30  INFO 2876 --- [restartedMain] w.s.c.ServletWebServerApplicationContext : Root WebApplicationContext: initialization completed in 1741 ms
2024-07-13T12:18:14.451+05:30  INFO 2876 --- [restartedMain] o.hibernate.jpa.internal.util.LogHelper  : HHH000204: Processing PersistenceUnitInfo [name: default]
2024-07-13T12:18:14.527+05:30  INFO 2876 --- [restartedMain] org.hibernate.Version                    : HHH000412: Hibernate ORM core version 6.4.4.Final
2024-07-13T12:18:14.582+05:30  INFO 2876 --- [restartedMain] o.h.c.internal.RegionFactoryInitiator    : HHH000026: Second-level cache disabled
2024-07-13T12:18:14.916+05:30  INFO 2876 --- [restartedMain] o.s.o.j.p.SpringPersistenceUnitInfo      : No LoadTimeWeaver setup: ignoring JPA class transformer
2024-07-13T12:18:14.956+05:30  INFO 2876 --- [restartedMain] com.zaxxer.hikari.HikariDataSource       : HikariPool-1 - Starting...
2024-07-13T12:18:15.326+05:30  INFO 2876 --- [restartedMain] com.zaxxer.hikari.pool.HikariPool        : HikariPool-1 - Added connection com.mysql.cj.jdbc.ConnectionImpl@73a8238d
2024-07-13T12:18:15.330+05:30  INFO 2876 --- [restartedMain] com.zaxxer.hikari.HikariDataSource       : HikariPool-1 - Start completed.
2024-07-13T12:18:16.453+05:30  INFO 2876 --- [restartedMain] o.h.m.i.EntityInstantiatorPojoStandard   : HHH000182: No default (no-argument) constructor for class: com.chatServices.entity.Chat (class must be instantiated by Interceptor)
2024-07-13T12:18:16.707+05:30  INFO 2876 --- [restartedMain] o.h.e.t.j.p.i.JtaPlatformInitiator       : HHH000489: No JTA platform available (set 'hibernate.transaction.jta.platform' to enable JTA platform integration)
2024-07-13T12:18:16.810+05:30  INFO 2876 --- [restartedMain] j.LocalContainerEntityManagerFactoryBean : Initialized JPA EntityManagerFactory for persistence unit 'default'
2024-07-13T12:18:17.252+05:30  INFO 2876 --- [restartedMain] o.s.d.j.r.query.QueryEnhancerFactory     : Hibernate is in classpath; If applicable, HQL parser will be used.
2024-07-13T12:18:18.013+05:30  WARN 2876 --- [restartedMain] JpaBaseConfiguration$JpaWebConfiguration : spring.jpa.open-in-view is enabled by default. Therefore, database queries may be performed during view rendering. Explicitly configure spring.jpa.open-in-view to disable this warning
2024-07-13T12:18:18.433+05:30  INFO 2876 --- [restartedMain] o.s.b.d.a.OptionalLiveReloadServer       : LiveReload server is running on port 35729
2024-07-13T12:18:18.489+05:30  INFO 2876 --- [restartedMain] o.s.b.w.embedded.tomcat.TomcatWebServer  : Tomcat started on port 8080 (http) with context path ''
2024-07-13T12:18:18.502+05:30  INFO 2876 --- [restartedMain] c.chatServices.ChatServicesApplication   : Started ChatServicesApplication in 6.626 seconds (process running for 7.546)
2024-07-13T12:18:26.224+05:30  INFO 2876 --- [http-nio-8080-exec-1] o.a.c.c.C.[Tomcat].[localhost].[/]       : Initializing Spring DispatcherServlet 'dispatcherServlet'
2024-07-13T12:18:26.225+05:30  INFO 2876 --- [http-nio-8080-exec-1] o.s.web.servlet.DispatcherServlet        : Initializing Servlet 'dispatcherServlet'
2024-07-13T12:18:26.228+05:30  INFO 2876 --- [http-nio-8080-exec-1] o.s.web.servlet.DispatcherServlet        : Completed initialization in 2 ms
2024-07-13T15:57:13.051+05:30  WARN 2876 --- [HikariPool-1 housekeeper] com.zaxxer.hikari.pool.HikariPool        : HikariPool-1 - Thread starvation or clock leap detected (housekeeper delta=3h1m56s968ms318µs).
2024-07-13T17:57:12.292+05:30  WARN 2876 --- [HikariPool-1 housekeeper] com.zaxxer.hikari.pool.HikariPool        : HikariPool-1 - Thread starvation or clock leap detected (housekeeper delta=1h44m59s48ms244µs700ns).
